
> build
> next build

   ▲ Next.js 15.3.0-canary.13
   - Environments: .env.local
   - Experiments (use with caution):
     ✓ ppr
     ✓ useCache
     ✓ inlineCss

   Creating an optimized production build ...
 ✓ Compiled successfully
   Linting and checking validity of types ...
   Collecting page data ...
   Generating static pages (0/15) ...
   Generating static pages (3/15) 
   Generating static pages (7/15) 
 ⚠ metadataBase property in metadata export is not set for resolving social open graph or twitter images, using "http://localhost:3000". See https://nextjs.org/docs/app/api-reference/functions/generate-metadata#metadatabase
{
  cause: 'TypeError: Invalid URL',
  status: 500,
  message: 'Failed to parse URL from /api/2023-01/graphql.json',
  query: '\n' +
    '  query getCollections {\n' +
    '    collections(first: 100, sortKey: TITLE) {\n' +
    '      edges {\n' +
    '        node {\n' +
    '          ...collection\n' +
    '        }\n' +
    '      }\n' +
    '    }\n' +
    '  }\n' +
    '  \n' +
    '  fragment collection on Collection {\n' +
    '    handle\n' +
    '    title\n' +
    '    description\n' +
    '    seo {\n' +
    '      ...seo\n' +
    '    }\n' +
    '    updatedAt\n' +
    '  }\n' +
    '  \n' +
    '  fragment seo on SEO {\n' +
    '    description\n' +
    '    title\n' +
    '  }\n' +
    '\n' +
    '\n'
}
{
  cause: 'TypeError: Invalid URL',
  status: 500,
  message: 'Failed to parse URL from /api/2023-01/graphql.json',
  query: '\n' +
    '  query getMenu($handle: String!) {\n' +
    '    menu(handle: $handle) {\n' +
    '      items {\n' +
    '        title\n' +
    '        url\n' +
    '      }\n' +
    '    }\n' +
    '  }\n'
}
Error occurred prerendering page "/search/[collection]". Read more: https://nextjs.org/docs/messages/prerender-error
Error: An error occurred in the Server Components render. The specific message is omitted in production builds to avoid leaking sensitive details. A digest property is included on this error instance which may provide additional details about the nature of the error.
Export encountered an error on /search/[collection]/page: /search/[collection], exiting the build.
 ⨯ Next.js build worker exited with code: 1 and signal: null
